<?xml version="1.0" encoding="UTF-8"?>
<!-- Generated by org.testng.reporters.JUnitReportReporter -->
<testsuite hostname="LAPTOP-6A9M7PLR" failures="0" tests="3" name="cucumberOptions.TestNGRunner" time="0.310" errors="0" timestamp="2024-07-04T18:11:50 IST" skipped="0">
  <testcase classname="cucumberOptions.TestNGRunner" name="runScenario" time="0.196"/>
  <testcase classname="cucumberOptions.TestNGRunner" name="runScenario" time="0.060"/>
  <testcase classname="cucumberOptions.TestNGRunner" name="runScenario" time="0.054"/>
</testsuite> <!-- cucumberOptions.TestNGRunner -->
