<?xml version="1.0" encoding="UTF-8"?>
<!-- Generated by org.testng.reporters.JUnitReportReporter -->
<testsuite hostname="LAPTOP-6A9M7PLR" failures="1" tests="3" name="cucumberOptions.TestNGTestRunner" time="45.737" errors="1" timestamp="2024-07-12T17:11:06 IST" skipped="0">
  <testcase classname="cucumberOptions.TestNGTestRunner" name="runScenario" time="15.948">
    <failure message="expected [No data] but found [Beetroot]" type="java.lang.AssertionError">
      <![CDATA[java.lang.AssertionError: expected [No data] but found [Beetroot]
at org.testng.Assert.fail(Assert.java:111)
at org.testng.Assert.failNotEquals(Assert.java:1578)
at org.testng.Assert.assertEqualsImpl(Assert.java:150)
at org.testng.Assert.assertEquals(Assert.java:132)
at org.testng.Assert.assertEquals(Assert.java:656)
at org.testng.Assert.assertEquals(Assert.java:666)
at stepDefinitions.OfferPageStepDefination.validate_product_name_in_Offers_page(OfferPageStepDefination.java:50)
at ✽.validate product name in offers page matches with Landing Page(file:///C:/Users/JAYSHREE/eclipse-workspace/CucumberFrameworkProject/src/test/java/features/searchProduct.feature:8)
]]>
    </failure>
  </testcase> <!-- runScenario -->
  <testcase classname="cucumberOptions.TestNGTestRunner" name="runScenario" time="15.734"/>
  <testcase classname="cucumberOptions.TestNGTestRunner" name="runScenario" time="14.055">
    <error message="Cannot invoke &quot;pageObjects.CheckoutPage.CheckoutItems()&quot; because &quot;this.checkoutPage&quot; is null" type="java.lang.NullPointerException">
      <![CDATA[java.lang.NullPointerException: Cannot invoke "pageObjects.CheckoutPage.CheckoutItems()" because "this.checkoutPage" is null
at stepDefinitions.CheckoutPageStepDefination.user_proceeds_to_checkout(CheckoutPageStepDefination.java:39)
at ✽.User proceeds to Checkout and validate the Tom items in checkout page(file:///C:/Users/JAYSHREE/eclipse-workspace/CucumberFrameworkProject/src/test/java/features/Checkout.feature:9)
]]>
    </error>
  </testcase> <!-- runScenario -->
</testsuite> <!-- cucumberOptions.TestNGTestRunner -->
